<?xml version="1.0" encoding="UTF-8"?>
<!-- Generated by org.testng.reporters.JUnitReportReporter -->
<testsuite hostname="LAPTOP-23PV20AT" name="testscripts.VerifyLoginPage" tests="1" failures="0" timestamp="23 Jan 2017 18:28:51 GMT" time="34.221" errors="0">
  <testcase name="verifyLogin" time="34.221" classname="testscripts.VerifyLoginPage"/>
</testsuite> <!-- testscripts.VerifyLoginPage -->
