<?xml version="1.0" encoding="UTF-8"?>
<!-- Generated by org.testng.reporters.JUnitReportReporter -->
<testsuite hostname="LAPTOP-23PV20AT" name="testscripts.VerifyHomePage" tests="1" failures="0" timestamp="24 Jan 2017 13:56:41 GMT" time="0.038" errors="0">
  <testcase name="verifyPage" time="0.038" classname="testscripts.VerifyHomePage"/>
</testsuite> <!-- testscripts.VerifyHomePage -->
